make pull
git pull origin master
From github:HyanCat/auto_git
 * branch            master     -> FETCH_HEAD
Already up-to-date.
make new-line
echo "- "Mon Mar 28 20:00:09 CST 2016 >> date.md
make add
git add .
make commit
git commit -m "update date."
[master e099b95] update date.
 2 files changed, 10 insertions(+)
 create mode 100644 schedule.log
make push
git push -u origin master
To git@github:HyanCat/auto_git.git
   28739ae..e099b95  master -> master
Branch master set up to track remote branch master from origin.
make pull
git pull origin master
From github:HyanCat/auto_git
 * branch            master     -> FETCH_HEAD
Already up-to-date.
make new-line
echo "- "Tue Mar 29 20:00:14 CST 2016 >> date.md
make add
git add .
